-------------------------------------------------------------------------------
Test set: TestSuite
-------------------------------------------------------------------------------
Tests run: 3, Failures: 1, Errors: 0, Skipped: 0, Time elapsed: 13.325 s <<< FAILURE! - in TestSuite
CucumberOptions.TestNgTestRunner.runScenario["Search Experience for product search in both home and Offers page", "Search and Place the order for Products"](2)  Time elapsed: 11.78 s  <<< FAILURE!
java.lang.AssertionError: expected [Beetroot] but found [No data]

