<?xml version="1.0" encoding="UTF-8"?>
<!-- Generated by org.testng.reporters.JUnitReportReporter -->
<testsuite hostname="EPINPUNW0467" failures="1" tests="3" name="CucumberOptions.TestNgTestRunner" time="33.228" errors="0" timestamp="2024-12-07T14:08:56 IST" skipped="0">
  <testcase classname="CucumberOptions.TestNgTestRunner" name="runScenario" time="11.794"/>
  <testcase classname="CucumberOptions.TestNgTestRunner" name="runScenario" time="9.657"/>
  <testcase classname="CucumberOptions.TestNgTestRunner" name="runScenario" time="11.777">
    <failure message="expected [Beetroot] but found [No data]" type="java.lang.AssertionError">
      <![CDATA[java.lang.AssertionError: expected [Beetroot] but found [No data]
at org.testng.Assert.fail(Assert.java:111)
at org.testng.Assert.failNotEquals(Assert.java:1578)
at org.testng.Assert.assertEqualsImpl(Assert.java:150)
at org.testng.Assert.assertEquals(Assert.java:132)
at org.testng.Assert.assertEquals(Assert.java:656)
at org.testng.Assert.assertEquals(Assert.java:666)
at stepDefinitions.OfferPageStepDefinitions2.validate_product_name_in_offers_page_matches_with_landing_page(OfferPageStepDefinitions2.java:53)
at âœ½.validate product name in offers page matches with Landing Page(file:///C:/Users/Mahendrakumar_Katkar/eclipse-workspace/CucumberFrameworkUdemy/src/test/java/features/searchProduct.feature:9)
]]>
    </failure>
  </testcase> <!-- runScenario -->
</testsuite> <!-- CucumberOptions.TestNgTestRunner -->
